<?xml version="1.0" encoding="UTF-8"?>
<testng-results ignored="0" total="1" passed="1" failed="0" skipped="0">
  <reporter-output>
  </reporter-output>
  <suite started-at="2025-06-03T11:21:15 IST" name="Default suite" finished-at="2025-06-03T11:21:29 IST" duration-ms="14673">
    <groups>
    </groups>
    <test started-at="2025-06-03T11:21:15 IST" name="Default test" finished-at="2025-06-03T11:21:29 IST" duration-ms="14673">
      <class name="web.log">
        <test-method is-config="true" signature="setup()[pri:0, instance:web.log@43c1b556]" started-at="2025-06-03T11:21:15 IST" name="setup" finished-at="2025-06-03T11:21:16 IST" duration-ms="1600" status="PASS">
          <reporter-output>
          </reporter-output>
        </test-method> <!-- setup -->
        <test-method signature="use()[pri:0, instance:web.log@43c1b556]" started-at="2025-06-03T11:21:16 IST" name="use" finished-at="2025-06-03T11:21:29 IST" duration-ms="13023" status="PASS">
          <reporter-output>
          </reporter-output>
        </test-method> <!-- use -->
      </class> <!-- web.log -->
    </test> <!-- Default test -->
  </suite> <!-- Default suite -->
</testng-results>
